{"C:\\Users\\mrmac\\OneDrive\\Desktop\\Personal Projects\\yourDailyNewsBites\\src\\users\\utils.js": {"path":"C:\\Users\\mrmac\\OneDrive\\Desktop\\Personal Projects\\yourDailyNewsBites\\src\\users\\utils.js","all":false,"statementMap":{"0":{"start":{"line":1,"column":0},"end":{"line":1,"column":34}},"1":{"start":{"line":2,"column":0},"end":{"line":2,"column":57}},"2":{"start":{"line":3,"column":0},"end":{"line":3,"column":20}},"3":{"start":{"line":4,"column":0},"end":{"line":4,"column":30}},"4":{"start":{"line":5,"column":0},"end":{"line":5,"column":73}},"5":{"start":{"line":6,"column":0},"end":{"line":6,"column":5}},"6":{"start":{"line":7,"column":0},"end":{"line":7,"column":18}},"7":{"start":{"line":8,"column":0},"end":{"line":8,"column":1}},"8":{"start":{"line":9,"column":0},"end":{"line":9,"column":0}},"9":{"start":{"line":10,"column":0},"end":{"line":10,"column":44}}},"s":{"0":2,"1":2,"2":2,"3":2,"4":12,"5":12,"6":2,"7":2,"8":1,"9":1},"branchMap":{"0":{"type":"branch","line":1,"loc":{"start":{"line":1,"column":0},"end":{"line":8,"column":1}},"locations":[{"start":{"line":1,"column":0},"end":{"line":8,"column":1}}]},"1":{"type":"branch","line":4,"loc":{"start":{"line":4,"column":29},"end":{"line":6,"column":5}},"locations":[{"start":{"line":4,"column":29},"end":{"line":6,"column":5}}]}},"b":{"0":[2],"1":[12]},"fnMap":{"0":{"name":"generateValidationCode","decl":{"start":{"line":1,"column":0},"end":{"line":8,"column":1}},"loc":{"start":{"line":1,"column":0},"end":{"line":8,"column":1}},"line":1}},"f":{"0":2}}
}
